2024-10-06 14:46:37,745 - INFO - url: https://raw.githubusercontent.com/suxuang/myIPTV/refs/heads/main/ipv6.m3u 获取成功，判断为m3u格式
2024-10-06 14:46:37,746 - INFO - url: https://raw.githubusercontent.com/suxuang/myIPTV/refs/heads/main/ipv6.m3u 爬取成功✅，包含频道分类: 央视频道, 卫视频道, 数字频道, 港澳台频道, 电影频道, 动画频道, IHOT频道, NewTV频道, 地方频道, 埋堆堆, 电影轮播, 电视剧轮播, 国际频道
2024-10-06 14:46:37,892 - INFO - url: https://live.fanmingming.com/tv/m3u/ipv6.m3u 获取成功，判断为m3u格式
2024-10-06 14:46:37,893 - INFO - url: https://live.fanmingming.com/tv/m3u/ipv6.m3u 爬取成功✅，包含频道分类: 央视频道, 卫视频道, 数字频道, 上海频道, 浙江频道, 内蒙频道
2024-10-06 14:46:37,923 - INFO - url: https://raw.githubusercontent.com/FRANKASEE/iTV/refs/heads/main/iptv_list.txt 获取成功，判断为txt格式
2024-10-06 14:46:37,938 - INFO - url: https://raw.githubusercontent.com/FRANKASEE/iTV/refs/heads/main/iptv_list.txt 爬取成功✅，包含频道分类: 央视频道, 卫视频道, 湖北频道, 其他频道, 河南频道, 北京频道, 港澳频道, 湖南频道, 台湾频道, 🎊Foreign Sports🎊, 🏎🏁🚦F1 Event🚦🏁🏎, 🥅⚽️Euro 2024⚽️🥅, ⛳️Golf Tournament⛳️, 🎾🥎Tennis Events🥎🎾, 🏅🏀NBA Events🏀🏅, 🏵🇹🇼🇭🇰CN_HK_TW Sports🇭🇰🇹🇼🏵, 💰💲PPV Pay-Per-View Event💲💰, ⚽️🦁🇬🇧Premier League🇬🇧🦁⚽️, ⚽️🇪🇸La Liga🇪🇸⚽️, ⚽️🍕🇮🇹Serie A🇮🇹🍕⚽️, ⚽️🍺🇩🇪German Bundesliga🇩🇪🍺⚽️, 🗼🐓🇫🇷France Football🇫🇷🐓🗼, 💡🏆UEFA Champions League🏆💡, 🪂Sky Sports ①🪂, 🪂Sky Sports ②🪂, 🪂Sky Sports ③🪂, 🪂Sky Sports ④🪂, 🛡ELEVEN SPORT🛡, 🔰beIN Sports ①🔰, 🔰beIN Sports ②🔰, 🦉TNT Sports🦉, 🐍DAZN Sports🐍, 🦅ESPN Sports🦅, ⛄️🦊FOX Sports🦊⛄️, 4️⃣🇰 🇺 🇭 🇩, ☀️Other Sports☀️, 🇺🇸🗽USA Sports🗽🇺🇸, 🇬🇧💂UK Sports💂🇬🇧, 🇫🇷🥖🗼France Sports🗼🥖🇫🇷, 更新时间
2024-10-06 14:46:37,961 - INFO - url: https://raw.githubusercontent.com/FRANKASEE/tviptv/refs/heads/Files/IPTVlive.m3u 获取成功，判断为m3u格式
2024-10-06 14:46:37,961 - INFO - url: https://raw.githubusercontent.com/FRANKASEE/tviptv/refs/heads/Files/IPTVlive.m3u 爬取成功✅，包含频道分类: 央视频道, 卫视频道, 内蒙频道, 数字频道
2024-10-06 14:46:37,987 - INFO - url: https://raw.githubusercontent.com/FRANKASEE/iptv--/refs/heads/main/speedtest/zubo_fofa.txt 获取成功，判断为txt格式
2024-10-06 14:46:38,003 - INFO - url: https://raw.githubusercontent.com/FRANKASEE/iptv--/refs/heads/main/speedtest/zubo_fofa.txt 爬取成功✅，包含频道分类: 上海电信, 江苏, 北京联通, 天津联通, 河南电信, 山西电信, 广东电信, 四川电信, 浙江电信, 湖北电信, 福建电信, 湖南电信, 甘肃电信, 河北联通
2024-10-06 14:46:38,050 - INFO - url: https://raw.githubusercontent.com/FRANKASEE/live-1/refs/heads/main/online.txt 获取成功，判断为txt格式
2024-10-06 14:46:38,078 - INFO - url: https://raw.githubusercontent.com/FRANKASEE/live-1/refs/heads/main/iptv.txt 获取成功，判断为txt格式
2024-10-06 14:46:38,098 - INFO - url: https://raw.githubusercontent.com/FRANKASEE/live-1/refs/heads/main/iptv.txt 爬取成功✅，包含频道分类: 🇨🇳央视频道🇨🇳, 🛰️卫视频道🛰️, 🇭🇰港澳台🇭🇰, 🥝精品频道🥝
2024-10-06 14:46:38,812 - INFO - url: https://9295.kstore.space/ipv4.txt 获取成功，判断为txt格式
2024-10-06 14:46:38,861 - INFO - url: https://9295.kstore.space/ipv4.txt 爬取成功✅，包含频道分类: 🇨🇳电视频道, 📽河南IPTV, 📽广东IPTV, 📽重庆IPTV, 📡地方频道, 📽经典剧集, 💞电影频道, 🌠经典戏曲, 🎼MTV频道, 💃韩国女团, 🌃历届春晚, 💃广场舞蹈, 🏝景区直播, 🇨🇳中国IPV6, 🇭🇰香港, 🇨🇳台湾, 🇸🇬新加坡, 🇲🇴澳门, 🇲🇾马来西亚, 🇺🇸美国, 🇹🇭泰国, 🇯🇵日本, 🐉使用须知
2024-10-06 14:46:39,742 - INFO - url: http://tv.850930.xyz/kdsb.m3u 获取成功，判断为txt格式
2024-10-06 14:46:39,758 - INFO - url: http://tv.850930.xyz/kdsb.m3u 爬取成功✅，包含频道分类: 🐼电视公告, 🐼中央电视, 🐼全国卫视, 🐼秒开专区, 🔥4G四季专区, 🔥VIP专区, 🔥P2P专区, 🐼数字电视, 🐼网络电视, 💝香港澳门, 🔥台湾专区, 🌍国际频道, 🐼V6专区, 🐼电影轮播, 🐼体育专区, 🐼4K专线, 🐼山东大学, 🐼天津联通, 🐼百事通8M, 🐼北方广电, 🐼重庆有线, 🐼北京联通, 🐼重庆联通, 🐼安徽电信, 🐼电影频道, 🐼直播中国, 🐼北京ID10, 🐼天津ID11, 🐼河北ID12, 🐼山西ID13, 🐼内蒙ID14, 🐼辽宁ID15, 🐼吉林ID16, 🐼龙江ID17, 🐼上海ID18, 🐼江苏ID19, 🐼浙江ID20, 🐼安徽ID21, 🐼福建ID22, 🐼江西ID23, 🐼山东ID24, 🐼河南ID25, 🐼湖北地区, 🐼湖南ID27, 🐼广东ID28, 🐼广西ID29, 🐼海南地区, 🐼重庆ID31, 🐼四川ID32, 🐼贵州地区, 🐼云南ID34, 🐼西藏地区, 🐼陕西地区, 🐼甘肃地区, 🐼青海地区, 🐼宁夏ID39, 🐼新疆ID40
2024-10-06 14:46:40,666 - INFO - url: http://tv.850930.xyz/kdsb2.m3u 获取成功，判断为txt格式
2024-10-06 14:46:40,682 - INFO - url: http://tv.850930.xyz/kdsb2.m3u 爬取成功✅，包含频道分类: 🐼中央电视, 🐼全国卫视, 🔥中华电信, 🔥VIP专享, 🔥星视界区, 🌍国际频道, 🐼数字电视, 🐼网络电视, 🐼IPV6专区, 🐼新视界区, 🐼电影轮播, 🐼4K专线, 🐼广东电信, 🐼天津联通, 🐼北京联通, 🐼重庆联通, 🐼电影频道, 🐼北京ID10, 🐼天津ID11, 🐼河北ID12, 🐼山西ID13, 🐼内蒙ID14, 🐼辽宁ID15, 🐼吉林ID16, 🐼龙江ID17, 🐼上海ID18, 🐼江苏ID19, 🐼浙江ID20, 🐼安徽ID21, 🐼福建地区, 🐼江西ID23, 🐼山东ID24, 🐼河南ID25, 🐼湖北地区, 🐼湖南ID27, 🐼广东ID28, 🐼广西ID29, 🐼海南地区, 🐼重庆ID31, 🐼四川ID32, 🐼贵州地区, 🐼云南ID34, 🐼西藏地区, 🐼陕西地区, 🐼甘肃地区, 🐼青海地区, 🐼宁夏ID39, 🐼新疆ID40, 🐼电视公告
2024-10-06 14:46:41,760 - INFO - url: http://tv.850930.xyz/gather.m3u 获取成功，判断为m3u格式
2024-10-06 14:46:41,764 - INFO - url: http://tv.850930.xyz/gather.m3u 爬取成功✅，包含频道分类: •温馨「提示」, •4K「IPV4」, •4K「IPV6」, •央视「IPV6」, •卫视「IPV6」, •数字「IPV6」, •NewTV「IPV6」, •地区「IPV6」, •限制「IPV6」, •咪咕「全网」, •咪咕「足球」, •咪咕「NBA」, •咪咕「体育」, •咪咕「TV」, •TVB「测试」, •港澳「限制」, •台湾「限制」, •特色「混搭」, •游戏「赛事」, •埋堆「轮播」, •影视「轮播」, •广播「壹」, •广播「贰」, •韩国「KO」, •日本「JP」, -----------------------, •myTV「不支持·IOS系统」, •myTV SUPER「Default」, •myTV SUPER「TiviMate」
2024-10-06 14:46:41,801 - INFO - url: https://raw.githubusercontent.com/xingzhe010203/xingzhe/refs/heads/main/IOS-V4.m3u 获取成功，判断为m3u格式
2024-10-06 14:46:41,818 - INFO - url: https://raw.githubusercontent.com/xingzhe010203/xingzhe/refs/heads/main/IOS-V4.m3u 爬取成功✅，包含频道分类: 👉扫码添加此微信👈, 👉以获取最新链接👈, 👉售后微:xingzhe010203👈, 👉定期更换新链接👈, 👉不加此微信无售后👈, 港澳频道, 🦁港澳频道2🦁, ✈️国庆云游全国景区✈️, 🦁欧洲五大联赛🦁, 🐉秒播线路①💥, 🐉秒播线路②💥, 🐉秒播线路③💥, 🐉秒播线路④💥, 🐉独家线路①🐯, 🐉独家线路②🐯, 🐉独家线路③🐯, 🐉电信线路㈠❤️, 🐉电信线路⑵❤️, 🐉电信线路⑶❤️, 🐉联通线路①💙, 🐉联通线路②💙, 🐉数字高清🐯, 🐉4K-8K频道, 🐉国内体育, 🐉海外体育, TVB「香港」, 🐉咪咕体育「全网」, 🐉咪咕体育「移动」, 🐉香港频道「线路1」, 🐉香港频道「线路2」, 🐉香港频道「线路3」, 🐉澳门频道, 🐉湾湾频道「线路1」, 🐉湾湾频道「线路2」, 體育, 🐉湾湾频道「线路3」, 🐉湾湾频道「线路4」, 🐉日本频道🦮, 🐉韩国频道🦆, 🐉美国频道🦅, 🐉英国频道🦁, 🐉电影频道🎥, 🐉游戏赛事🐸, 🐉埋堆堆🙉, 🐉斗鱼轮播🦈, 🐉虎牙轮播🐯, 🐉YY轮播🦞, 🐉经典电影🎞, 🐉经典电视剧📺, 🐉少儿频道👶🏻, 🐉SITV频道, 🐉NewTV频道, 🐉北京频道, 🐉上海频道, 🐉广东频道, 🐉湖南频道, 🐉各地方频道, 🐉纪录片频道, 🐉全国景区直播, 🐉广播剧场🎙
2024-10-06 14:46:47,511 - INFO - url: https://tv.youdu.fan:666/live/ 获取成功，判断为txt格式
2024-10-06 14:46:47,526 - INFO - url: https://tv.youdu.fan:666/live/ 爬取成功✅，包含频道分类: 🌹防失联, 📡央卫频道, 📡央视频道, 📡卫视频道, 📡地方频道, 📡V6央视频道, 📡V6卫视频道, 📡儿童频道, 📡港湾频道, 📡历届春晚, 📡直播中国, 🌏国际频道, 💞电影频道, 💃丨MTV现代, 📛丨MTV怀旧, 📡测试
2024-10-06 14:46:47,552 - INFO - url: https://raw.githubusercontent.com/ssili126/tv/main/itvlist.txt 获取成功，判断为txt格式
2024-10-06 14:46:47,552 - INFO - url: https://raw.githubusercontent.com/ssili126/tv/main/itvlist.txt 爬取成功✅，包含频道分类: 央视频道, 卫视频道, 其他频道
2024-10-06 14:46:47,598 - INFO - url: https://raw.githubusercontent.com/kimwang1978/collect-tv-txt/main/merged_output.txt 获取成功，判断为txt格式
2024-10-06 14:46:47,657 - INFO - url: https://raw.githubusercontent.com/kimwang1978/collect-tv-txt/main/merged_output.txt 爬取成功✅，包含频道分类: 更新时间, 💓专享源🅰️, 💓专享源🅱️, 💓专享央视, 💓专享卫视, 💓港澳台, 💓优质个源, 💓儿童专享, 💓咪咕直播, 🌐央视频道, 📡卫视频道, 上海频道, 体育频道, 电影频道, 电视剧频道, 明星, 主题片, 港澳台, 国际台, 纪录片, 动画片, 戏曲频道, 综艺频道, 音乐频道, 游戏频道, ☘️浙江频道, ☘️江苏频道, ☘️湖南频道, ☘️湖北频道, ☘️安徽频道, ☘️广东频道, ☘️海南频道, ☘️内蒙频道, ☘️辽宁频道, ☘️陕西频道, ☘️山西频道, ☘️山东频道, ☘️云南频道, ☘️北京频道, ☘️重庆频道, ☘️福建频道, ☘️甘肃频道, ☘️广西频道, ☘️贵州频道, ☘️河北频道, ☘️河南频道, ☘️黑龙江频道, ☘️吉林频道, ☘️江西频道, ☘️宁夏频道, ☘️青海频道, ☘️四川频道, ☘️天津频道, ☘️新疆频道, 解说频道, 春晚, 直播中国, MTV, 收音机频道, ❤️与凤行, ❤️以家人之名
2024-10-06 14:46:49,610 - INFO - url: http://ttkx.live:55/lib/kx2024.txt 获取成功，判断为txt格式
2024-10-06 14:46:49,627 - INFO - url: http://ttkx.live:55/lib/kx2024.txt 爬取成功✅，包含频道分类: 💝永久免费👉公告, 💝中国港澳👉天天, 💝央视频道👉开心, 💝卫视频道👉全网, 💝百事通👉全网, 💝咪咕频道👉全网, 💝央视频道👉IPV6, 💝卫视频道👉IPV6, 💝全球频道👉全网, 💝湾湾频道👉全网, 💝广东频道👉全网, 💝梅州组建👉移动, 💝北京组建👉联通, 💝北京组建👉电信, 💝山东组建👉移动, 💝天津组建👉联通, 💝绍兴组建👉联通, 💝重庆组建👉联通, 💝湖南组建👉联通, 💝上海组建👉电信, 💝安徽组建👉电信, 💝陕西组建👉电信, 💝浙江组建👉电信, 💝山东组建👉电信, 💝福建组建👉电信, 💝惠州组建👉电信, 💝广西组建👉电信, 💝山西组建👉电信, 💝河北组建👉电信, 💝湖北组建👉电信, 💝四川组建👉电信, 💝广州组建👉电信, 💝赤峰组建👉电信, 💝咪咕体育👉全网, 💝咪咕体育👉移动, 💝体育频道👉全网, 💝4K频道👉全网, 💝电影频道👉全网, 💝虎牙轮播👉全网, 💝斗鱼轮播👉全网, 💝堆堆轮播👉全网, 💝MTV视频👉全网, 💝收音广播👉全网, 💝景区直播👉全网, 💝春晚现场👉全网, , 💝下列P3P和P2P, P2p晴天, 限时晴天169
